<?xml version="1.0" encoding="UTF-8"?>
<!-- Generated by org.testng.reporters.JUnitReportReporter -->
<testsuite hostname="MSI" failures="0" tests="1" name="orangeHRM.test.AddEmployeeTest" time="6.607" errors="0" timestamp="2025-07-10T21:41:29 IST" skipped="0">
  <testcase classname="orangeHRM.test.AddEmployeeTest" name="AddEmployee" time="6.607"/>
</testsuite> <!-- orangeHRM.test.AddEmployeeTest -->
