<?xml version="1.0" encoding="UTF-8"?>
<!-- Generated by org.testng.reporters.JUnitReportReporter -->
<testsuite hostname="MSI" failures="0" tests="1" name="orangeHRM.test.LoginTest" time="6.853" errors="0" timestamp="2025-07-10T21:41:29 IST" skipped="0">
  <testcase classname="orangeHRM.test.LoginTest" name="Login" time="6.853"/>
</testsuite> <!-- orangeHRM.test.LoginTest -->
